Using pre-set license
Built from '2021.1/staging' branch; Version is '2021.1.22f1 (a137e5fb0427) revision 10565605'; Using compiler version '192528614'; Build Type 'Release'
OS: 'Windows 10 Enterprise; OS build 18363.1977; Version 1909; 64bit' Language: 'pt' Physical Memory: 16254 MB
BatchMode: 1, IsHumanControllingUs: 0, StartBugReporterOnCrash: 0, Is64bit: 1, IsPro: 0

COMMAND LINE ARGUMENTS:
C:\Program Files\Unity\Hub\Editor\2021.1.22f1\Editor\Unity.exe
-adb2
-batchMode
-noUpm
-name
AssetImportWorker0
-projectPath
D:/Nickso/UEA/TCC/Jogo/UltimateTanks/The Ultimate Tanks
-logFile
Logs/AssetImportWorker0.log
-srvPort
53869
Successfully changed project path to: D:/Nickso/UEA/TCC/Jogo/UltimateTanks/The Ultimate Tanks
D:/Nickso/UEA/TCC/Jogo/UltimateTanks/The Ultimate Tanks
Using Asset Import Pipeline V2.
Refreshing native plugins compatible for Editor in 194.38 ms, found 4 plugins.
Preloading 0 native plugins for Editor in 0.00 ms.
Initialize engine version: 2021.1.22f1 (a137e5fb0427)
[Subsystems] Discovering subsystems at path C:/Program Files/Unity/Hub/Editor/2021.1.22f1/Editor/Data/Resources/UnitySubsystems
[Subsystems] Discovering subsystems at path D:/Nickso/UEA/TCC/Jogo/UltimateTanks/The Ultimate Tanks/Assets
GfxDevice: creating device client; threaded=0; jobified=0
Direct3D:
    Version:  Direct3D 11.0 [level 11.1]
    Renderer: Intel(R) UHD Graphics 620 (ID=0x3ea0)
    Vendor:   Intel
    VRAM:     8127 MB
    Driver:   26.20.100.8141
Initialize mono
Mono path[0] = 'C:/Program Files/Unity/Hub/Editor/2021.1.22f1/Editor/Data/Managed'
Mono path[1] = 'C:/Program Files/Unity/Hub/Editor/2021.1.22f1/Editor/Data/MonoBleedingEdge/lib/mono/unityjit'
Mono config path = 'C:/Program Files/Unity/Hub/Editor/2021.1.22f1/Editor/Data/MonoBleedingEdge/etc'
Using monoOptions --debugger-agent=transport=dt_socket,embedding=1,server=y,suspend=n,address=127.0.0.1:56688
Begin MonoManager ReloadAssembly
Registering precompiled unity dll's ...
Register platform support module: C:/Program Files/Unity/Hub/Editor/2021.1.22f1/Editor/Data/PlaybackEngines/WindowsStandaloneSupport/UnityEditor.WindowsStandalone.Extensions.dll
Registered in 0.008329 seconds.
Native extension for WindowsStandalone target not found
Refreshing native plugins compatible for Editor in 183.97 ms, found 4 plugins.
Preloading 0 native plugins for Editor in 0.00 ms.
Mono: successfully reloaded assembly
- Completed reload, in  4.115 seconds
Domain Reload Profiling:
	ReloadAssembly (4115ms)
		BeginReloadAssembly (150ms)
			ExecutionOrderSort (0ms)
			DisableScriptedObjects (0ms)
			BackupInstance (0ms)
			ReleaseScriptingObjects (0ms)
			CreateAndSetChildDomain (1ms)
		EndReloadAssembly (774ms)
			LoadAssemblies (142ms)
			RebuildTransferFunctionScriptingTraits (0ms)
			SetupTypeCache (257ms)
			ReleaseScriptCaches (0ms)
			RebuildScriptCaches (49ms)
			SetupLoadedEditorAssemblies (379ms)
				LogAssemblyErrors (0ms)
				InitializePlatformSupportModulesInManaged (10ms)
				SetLoadedEditorAssemblies (1ms)
				RefreshPlugins (184ms)
				BeforeProcessingInitializeOnLoad (2ms)
				ProcessInitializeOnLoadAttributes (139ms)
				ProcessInitializeOnLoadMethodAttributes (44ms)
				AfterProcessingInitializeOnLoad (0ms)
				EditorAssembliesLoaded (0ms)
			ExecutionOrderSort2 (0ms)
			AwakeInstancesAfterBackupRestoration (0ms)
Platform modules already initialized, skipping
Registering precompiled user dll's ...
Registered in 0.020984 seconds.
Begin MonoManager ReloadAssembly
Symbol file LoadedFromMemory doesn't match image D:\Nickso\UEA\TCC\Jogo\UltimateTanks\The Ultimate Tanks\Library\PackageCache\com.unity.visualscripting@1.6.1\Editor\VisualScripting.Core\Dependencies\YamlDotNet\Unity.VisualScripting.YamlDotNet.dll
Symbol file LoadedFromMemory doesn't match image D:\Nickso\UEA\TCC\Jogo\UltimateTanks\The Ultimate Tanks\Library\PackageCache\com.unity.visualscripting@1.6.1\Editor\VisualScripting.Core\Dependencies\DotNetZip\Unity.VisualScripting.IonicZip.dll
Native extension for WindowsStandalone target not found
Refreshing native plugins compatible for Editor in 158.16 ms, found 4 plugins.
Preloading 0 native plugins for Editor in 0.00 ms.
Mono: successfully reloaded assembly
- Completed reload, in  2.132 seconds
Domain Reload Profiling:
	ReloadAssembly (2132ms)
		BeginReloadAssembly (300ms)
			ExecutionOrderSort (0ms)
			DisableScriptedObjects (7ms)
			BackupInstance (0ms)
			ReleaseScriptingObjects (0ms)
			CreateAndSetChildDomain (32ms)
		EndReloadAssembly (1724ms)
			LoadAssemblies (234ms)
			RebuildTransferFunctionScriptingTraits (0ms)
			SetupTypeCache (591ms)
			ReleaseScriptCaches (1ms)
			RebuildScriptCaches (90ms)
			SetupLoadedEditorAssemblies (715ms)
				LogAssemblyErrors (0ms)
				InitializePlatformSupportModulesInManaged (6ms)
				SetLoadedEditorAssemblies (0ms)
				RefreshPlugins (158ms)
				BeforeProcessingInitializeOnLoad (137ms)
				ProcessInitializeOnLoadAttributes (357ms)
				ProcessInitializeOnLoadMethodAttributes (30ms)
				AfterProcessingInitializeOnLoad (25ms)
				EditorAssembliesLoaded (0ms)
			ExecutionOrderSort2 (0ms)
			AwakeInstancesAfterBackupRestoration (10ms)
Platform modules already initialized, skipping
========================================================================
Worker process is ready to serve import requests
Launched and connected shader compiler UnityShaderCompiler.exe after 0.09 seconds
Refreshing native plugins compatible for Editor in 1.18 ms, found 4 plugins.
Preloading 0 native plugins for Editor in 0.00 ms.
Unloading 3913 Unused Serialized files (Serialized files now loaded: 0)
System memory in use before: 144.1 MB.
System memory in use after: 144.3 MB.

Unloading 36 unused Assets to reduce memory usage. Loaded Objects now: 4359.
Total: 6.115700 ms (FindLiveObjects: 0.383900 ms CreateObjectMapping: 0.313800 ms MarkObjects: 5.303000 ms  DeleteObjects: 0.113100 ms)

AssetImportParameters requested are different than current active one (requested -> active):
  custom:framework-win-MediaFoundation: 216162199b28c13a410421893ffa2e32 -> 
  custom:video-decoder-ogg-theora: a1e56fd34408186e4bbccfd4996cb3dc -> 
  custom:container-muxer-webm: aa71ff27fc2769a1b78a27578f13a17b -> 
  custom:container-demuxer-webm: 4f35f7cbe854078d1ac9338744f61a02 -> 
  custom:container-demuxer-ogg: 62fdf1f143b41e24485cea50d1cbac27 -> 
  custom:video-encoder-webm-vp8: eb34c28f22e8b96e1ab97ce403110664 -> 
  custom:video-decoder-webm-vp8: 9c59270c3fd7afecdb556c50c9e8de78 -> 
  custom:audio-decoder-ogg-vorbis: bf7c407c2cedff20999df2af8eb42d56 -> 
  custom:audio-encoder-webm-vorbis: bf7c407c2cedff20999df2af8eb42d56 -> 
========================================================================
Received Import Request.
  path: Assets/Tiles/Palettes/GroundTilesPalette.prefab
  artifactKey: Guid(93c1596ef3749b14eb6f51af4381957d) Importer(815301076,1909f56bfc062723c751e8b465ee728b)
Start importing Assets/Tiles/Palettes/GroundTilesPalette.prefab using Guid(93c1596ef3749b14eb6f51af4381957d) Importer(815301076,1909f56bfc062723c751e8b465ee728b)  -> (artifact id: '8b2d82694482c40c488031fce5f60cd3') in 0.263757 seconds 
========================================================================
Received Import Request.
  Time since last request: 0.000486 seconds.
  path: Assets/Tiles/Palettes/Obstacles.prefab
  artifactKey: Guid(703fcef05de5e7647b97934357a95f16) Importer(815301076,1909f56bfc062723c751e8b465ee728b)
Start importing Assets/Tiles/Palettes/Obstacles.prefab using Guid(703fcef05de5e7647b97934357a95f16) Importer(815301076,1909f56bfc062723c751e8b465ee728b)  -> (artifact id: '65898a1d9d301b72d1408a3cf9fafcdd') in 0.034760 seconds 
========================================================================
Received Import Request.
  Time since last request: 0.000755 seconds.
  path: Assets/Tiles/Palettes
  artifactKey: Guid(2b99e03e583d216478d5cd3db1417b08) Importer(815301076,1909f56bfc062723c751e8b465ee728b)
Start importing Assets/Tiles/Palettes using Guid(2b99e03e583d216478d5cd3db1417b08) Importer(815301076,1909f56bfc062723c751e8b465ee728b)  -> (artifact id: '364978b3c78c513374bf63dd48478a89') in 0.005185 seconds 
========================================================================
Received Import Request.
  Time since last request: 0.000668 seconds.
  path: Assets/Tiles/Palettes/Details.prefab
  artifactKey: Guid(a2859c2155ad8964e858d20caf684f42) Importer(815301076,1909f56bfc062723c751e8b465ee728b)
Start importing Assets/Tiles/Palettes/Details.prefab using Guid(a2859c2155ad8964e858d20caf684f42) Importer(815301076,1909f56bfc062723c751e8b465ee728b)  -> (artifact id: '8fc87c72a1b355f87ee2598ecc0605ba') in 0.118986 seconds 
========================================================================
Received Import Request.
  Time since last request: 1931.335787 seconds.
  path: Assets/Decor_Items/Container_A.png
  artifactKey: Guid(0560474a41ca05347bb414358f968146) Importer(815301076,1909f56bfc062723c751e8b465ee728b)
Start importing Assets/Decor_Items/Container_A.png using Guid(0560474a41ca05347bb414358f968146) Importer(815301076,1909f56bfc062723c751e8b465ee728b)  -> (artifact id: '95b7e024c59cf36399b5409c3bf1afb7') in 0.103800 seconds 
========================================================================
Received Import Request.
  Time since last request: 0.000445 seconds.
  path: Assets/Decor_Items/Container_D.png
  artifactKey: Guid(e455413074dd75f4aaa1362e0bbb8260) Importer(815301076,1909f56bfc062723c751e8b465ee728b)
Start importing Assets/Decor_Items/Container_D.png using Guid(e455413074dd75f4aaa1362e0bbb8260) Importer(815301076,1909f56bfc062723c751e8b465ee728b)  -> (artifact id: 'eb5569d1987734a75c0edf1be330628a') in 0.019314 seconds 
========================================================================
Received Import Request.
  Time since last request: 0.000404 seconds.
  path: Assets/Decor_Items/Container_B.png
  artifactKey: Guid(e10c88a5024feed46b617f797cb83afc) Importer(815301076,1909f56bfc062723c751e8b465ee728b)
Start importing Assets/Decor_Items/Container_B.png using Guid(e10c88a5024feed46b617f797cb83afc) Importer(815301076,1909f56bfc062723c751e8b465ee728b)  -> (artifact id: 'db39e1abbcbf31e77e53904ccd50a239') in 0.019905 seconds 
========================================================================
Received Import Request.
  Time since last request: 0.000601 seconds.
  path: Assets/Decor_Items/Container_C.png
  artifactKey: Guid(e4cf19d73388a49489a9749af8211ba9) Importer(815301076,1909f56bfc062723c751e8b465ee728b)
Start importing Assets/Decor_Items/Container_C.png using Guid(e4cf19d73388a49489a9749af8211ba9) Importer(815301076,1909f56bfc062723c751e8b465ee728b)  -> (artifact id: '4ba19160bf516a970da81d2d48fa05f1') in 0.021238 seconds 
========================================================================
Received Import Request.
  Time since last request: 52.621305 seconds.
  path: Assets/Decor_Items/Container_A.png
  artifactKey: Guid(0560474a41ca05347bb414358f968146) Importer(815301076,1909f56bfc062723c751e8b465ee728b)
Start importing Assets/Decor_Items/Container_A.png using Guid(0560474a41ca05347bb414358f968146) Importer(815301076,1909f56bfc062723c751e8b465ee728b)  -> (artifact id: 'f0d2725a116a1ae0d4c742f785948134') in 0.022122 seconds 
========================================================================
Received Import Request.
  Time since last request: 0.004922 seconds.
  path: Assets/Decor_Items/Container_B.png
  artifactKey: Guid(e10c88a5024feed46b617f797cb83afc) Importer(815301076,1909f56bfc062723c751e8b465ee728b)
Start importing Assets/Decor_Items/Container_B.png using Guid(e10c88a5024feed46b617f797cb83afc) Importer(815301076,1909f56bfc062723c751e8b465ee728b)  -> (artifact id: 'e4b8578d63d07ab3637032bf55dffa09') in 0.022905 seconds 
========================================================================
Received Import Request.
  Time since last request: 0.000485 seconds.
  path: Assets/Decor_Items/Container_D.png
  artifactKey: Guid(e455413074dd75f4aaa1362e0bbb8260) Importer(815301076,1909f56bfc062723c751e8b465ee728b)
Start importing Assets/Decor_Items/Container_D.png using Guid(e455413074dd75f4aaa1362e0bbb8260) Importer(815301076,1909f56bfc062723c751e8b465ee728b)  -> (artifact id: '1fe5ba66282e6da7152a3f5113dee881') in 0.022836 seconds 
========================================================================
Received Import Request.
  Time since last request: 0.000572 seconds.
  path: Assets/Decor_Items/Container_C.png
  artifactKey: Guid(e4cf19d73388a49489a9749af8211ba9) Importer(815301076,1909f56bfc062723c751e8b465ee728b)
Start importing Assets/Decor_Items/Container_C.png using Guid(e4cf19d73388a49489a9749af8211ba9) Importer(815301076,1909f56bfc062723c751e8b465ee728b)  -> (artifact id: 'd67693e42e6482532d4614fb1dbdc668') in 0.024752 seconds 
========================================================================
Received Import Request.
  Time since last request: 99.456428 seconds.
  path: Assets/Decor_Items/Border_B.png
  artifactKey: Guid(6c889e3210b8e9c4d9e081c3febd2ae2) Importer(815301076,1909f56bfc062723c751e8b465ee728b)
Start importing Assets/Decor_Items/Border_B.png using Guid(6c889e3210b8e9c4d9e081c3febd2ae2) Importer(815301076,1909f56bfc062723c751e8b465ee728b)  -> (artifact id: '3905025916009ebfe89cc8cbde06b8c5') in 0.016345 seconds 
========================================================================
Received Import Request.
  Time since last request: 0.010686 seconds.
  path: Assets/Decor_Items/Border_C.png
  artifactKey: Guid(5cdb15628256157478c05aff288d89eb) Importer(815301076,1909f56bfc062723c751e8b465ee728b)
Start importing Assets/Decor_Items/Border_C.png using Guid(5cdb15628256157478c05aff288d89eb) Importer(815301076,1909f56bfc062723c751e8b465ee728b)  -> (artifact id: '5f8cc2c4b407dd3c7fc35011612f2f17') in 0.023359 seconds 
========================================================================
Received Import Request.
  Time since last request: 107.520409 seconds.
  path: Assets/Multiplayer/Photon/PhotonUnityNetworking/Demos/DemoAsteroids/Resources/BigAsteroid.prefab
  artifactKey: Guid(15f43343ba0a60e47a63d28496373c3f) Importer(815301076,1909f56bfc062723c751e8b465ee728b)
Start importing Assets/Multiplayer/Photon/PhotonUnityNetworking/Demos/DemoAsteroids/Resources/BigAsteroid.prefab using Guid(15f43343ba0a60e47a63d28496373c3f) Importer(815301076,1909f56bfc062723c751e8b465ee728b)  -> (artifact id: 'e3e615082cf3f91f5a8dbf303b4a7ad1') in 0.387288 seconds 
========================================================================
Received Import Request.
  Time since last request: 0.000472 seconds.
  path: Assets/Multiplayer/Photon/PhotonUnityNetworking/Demos/PunBasics-Tutorial/Resources/My Robot Kyle -done-.prefab
  artifactKey: Guid(fe764102aa5aa431795da15fa2dec0e2) Importer(815301076,1909f56bfc062723c751e8b465ee728b)
Start importing Assets/Multiplayer/Photon/PhotonUnityNetworking/Demos/PunBasics-Tutorial/Resources/My Robot Kyle -done-.prefab using Guid(fe764102aa5aa431795da15fa2dec0e2) Importer(815301076,1909f56bfc062723c751e8b465ee728b)  -> (artifact id: '6f4dc43fa6a3f4f88d583256f7076b71') in 0.470985 seconds 
========================================================================
Received Import Request.
  Time since last request: 0.000392 seconds.
  path: Assets/Multiplayer/Photon/PhotonUnityNetworking/Demos/PunBasics-Tutorial/Prefabs/Quit Room Button.prefab
  artifactKey: Guid(b19bb80838bcf4457bf6f50a19c5593b) Importer(815301076,1909f56bfc062723c751e8b465ee728b)
Start importing Assets/Multiplayer/Photon/PhotonUnityNetworking/Demos/PunBasics-Tutorial/Prefabs/Quit Room Button.prefab using Guid(b19bb80838bcf4457bf6f50a19c5593b) Importer(815301076,1909f56bfc062723c751e8b465ee728b)  -> (artifact id: '28d4685a83d8c2b409707efa0ec0ee27') in 0.022680 seconds 
========================================================================
Received Import Request.
  Time since last request: 0.000690 seconds.
  path: Assets/Multiplayer/Photon/PhotonUnityNetworking/Demos/DemoSlotRacer/Resources/Player Controller.prefab
  artifactKey: Guid(c9248d8e58293473bb27cf2f5505f88b) Importer(815301076,1909f56bfc062723c751e8b465ee728b)
Start importing Assets/Multiplayer/Photon/PhotonUnityNetworking/Demos/DemoSlotRacer/Resources/Player Controller.prefab using Guid(c9248d8e58293473bb27cf2f5505f88b) Importer(815301076,1909f56bfc062723c751e8b465ee728b)  -> (artifact id: '93f91f562be53eda9907ba2f63c81514') in 0.044271 seconds 
========================================================================
Received Import Request.
  Time since last request: 0.000412 seconds.
  path: Assets/Multiplayer/Resources/Network_Prefabs/Player_3_Blue.prefab
  artifactKey: Guid(9c027f48a1757a841a9d988d31f7b452) Importer(815301076,1909f56bfc062723c751e8b465ee728b)
Start importing Assets/Multiplayer/Resources/Network_Prefabs/Player_3_Blue.prefab using Guid(9c027f48a1757a841a9d988d31f7b452) Importer(815301076,1909f56bfc062723c751e8b465ee728b)  -> (artifact id: '73bc8196a055403c559ad300207f5068') in 0.014196 seconds 
========================================================================
Received Import Request.
  Time since last request: 0.000470 seconds.
  path: Packages/com.unity.2d.spriteshape/Editor/ObjectMenuCreation/DefaultAssets/Sprite Shapes/Open Sprite Shape.prefab
  artifactKey: Guid(86ae7de409eb54f619fb1328e4d42480) Importer(815301076,1909f56bfc062723c751e8b465ee728b)
Start importing Packages/com.unity.2d.spriteshape/Editor/ObjectMenuCreation/DefaultAssets/Sprite Shapes/Open Sprite Shape.prefab using Guid(86ae7de409eb54f619fb1328e4d42480) Importer(815301076,1909f56bfc062723c751e8b465ee728b)  -> (artifact id: '92283de4c73fc62e1fe8e1d0c844c407') in 0.040668 seconds 
========================================================================
Received Import Request.
  Time since last request: 0.000352 seconds.
  path: Assets/Multiplayer/Photon/PhotonUnityNetworking/Demos/DemoAsteroids/Prefabs/RoomListEntry.prefab
  artifactKey: Guid(03c5e15309335324fba99d68e38cb08b) Importer(815301076,1909f56bfc062723c751e8b465ee728b)
Start importing Assets/Multiplayer/Photon/PhotonUnityNetworking/Demos/DemoAsteroids/Prefabs/RoomListEntry.prefab using Guid(03c5e15309335324fba99d68e38cb08b) Importer(815301076,1909f56bfc062723c751e8b465ee728b)  -> (artifact id: '14146ac71037af2703afb62b2d0afd69') in 0.023831 seconds 
========================================================================
Received Import Request.
  Time since last request: 0.000422 seconds.
  path: Assets/Multiplayer/Photon/PhotonUnityNetworking/Demos/PunBasics-Tutorial/Prefabs/Demo Intro UI.prefab
  artifactKey: Guid(f773d1fa10a4f4e0d88490eab5d5b46d) Importer(815301076,1909f56bfc062723c751e8b465ee728b)
Start importing Assets/Multiplayer/Photon/PhotonUnityNetworking/Demos/PunBasics-Tutorial/Prefabs/Demo Intro UI.prefab using Guid(f773d1fa10a4f4e0d88490eab5d5b46d) Importer(815301076,1909f56bfc062723c751e8b465ee728b)  -> (artifact id: '59a7d599ebecba80673a51a1c539aa25') in 0.016556 seconds 
========================================================================
Received Import Request.
  Time since last request: 0.000397 seconds.
  path: Assets/Multiplayer/Photon/PhotonUnityNetworking/Demos/PunBasics-Tutorial/Prefabs/Game Manager.prefab
  artifactKey: Guid(b7fe671fa5d4d4772a4b20715fb9b0ff) Importer(815301076,1909f56bfc062723c751e8b465ee728b)
Start importing Assets/Multiplayer/Photon/PhotonUnityNetworking/Demos/PunBasics-Tutorial/Prefabs/Game Manager.prefab using Guid(b7fe671fa5d4d4772a4b20715fb9b0ff) Importer(815301076,1909f56bfc062723c751e8b465ee728b)  -> (artifact id: '128bb6bcfcca8e8780657b59a4a12a88') in 0.019870 seconds 
========================================================================
Received Import Request.
  Time since last request: 0.000446 seconds.
  path: Assets/Multiplayer/Resources/Network_Prefabs/Player_0_Yellow.prefab
  artifactKey: Guid(1c1d6ff77574f9d4d962c7292f444622) Importer(815301076,1909f56bfc062723c751e8b465ee728b)
Start importing Assets/Multiplayer/Resources/Network_Prefabs/Player_0_Yellow.prefab using Guid(1c1d6ff77574f9d4d962c7292f444622) Importer(815301076,1909f56bfc062723c751e8b465ee728b)  -> (artifact id: '5de4f61b60d0d557645bfade208a636c') in 0.013059 seconds 
========================================================================
Received Import Request.
  Time since last request: 0.000450 seconds.
  path: Packages/com.unity.2d.spriteshape/Editor/ObjectMenuCreation/DefaultAssets/Sprite Shapes/Closed Sprite Shape.prefab
  artifactKey: Guid(c0583b4e855c74b8c82e7b9b5efb5ce9) Importer(815301076,1909f56bfc062723c751e8b465ee728b)
Start importing Packages/com.unity.2d.spriteshape/Editor/ObjectMenuCreation/DefaultAssets/Sprite Shapes/Closed Sprite Shape.prefab using Guid(c0583b4e855c74b8c82e7b9b5efb5ce9) Importer(815301076,1909f56bfc062723c751e8b465ee728b)  -> (artifact id: 'b0cee1f6a4d20f915ea7bacbda781593') in 0.023962 seconds 
========================================================================
Received Import Request.
  Time since last request: 0.000445 seconds.
  path: Assets/Multiplayer/Photon/PhotonUnityNetworking/Demos/DemoSlotRacer/Prefabs/SlotCar_A.prefab
  artifactKey: Guid(4910a004464ca4efa808af20d2eb1e15) Importer(815301076,1909f56bfc062723c751e8b465ee728b)
Start importing Assets/Multiplayer/Photon/PhotonUnityNetworking/Demos/DemoSlotRacer/Prefabs/SlotCar_A.prefab using Guid(4910a004464ca4efa808af20d2eb1e15) Importer(815301076,1909f56bfc062723c751e8b465ee728b)  -> (artifact id: 'aacfb72f363ddb8f2e642ff136da2259') in 0.374161 seconds 
========================================================================
Received Import Request.
  Time since last request: 0.000471 seconds.
  path: Assets/Multiplayer/Photon/PhotonUnityNetworking/Demos/Shared Assets/Prefabs/PointerPrefab.prefab
  artifactKey: Guid(9c6977a9ecda14e4e96ea3a71c749c2c) Importer(815301076,1909f56bfc062723c751e8b465ee728b)
Start importing Assets/Multiplayer/Photon/PhotonUnityNetworking/Demos/Shared Assets/Prefabs/PointerPrefab.prefab using Guid(9c6977a9ecda14e4e96ea3a71c749c2c) Importer(815301076,1909f56bfc062723c751e8b465ee728b)  -> (artifact id: 'b4018f85c3075f4551dc6aaf38c9fb64') in 0.197666 seconds 
========================================================================
Received Import Request.
  Time since last request: 0.000444 seconds.
  path: Assets/Multiplayer/Photon/PhotonUnityNetworking/Demos/Shared Assets/Prefabs/UI/Button Regular.prefab
  artifactKey: Guid(395d3cc3d7cf0014a870fee72cbd3490) Importer(815301076,1909f56bfc062723c751e8b465ee728b)
Start importing Assets/Multiplayer/Photon/PhotonUnityNetworking/Demos/Shared Assets/Prefabs/UI/Button Regular.prefab using Guid(395d3cc3d7cf0014a870fee72cbd3490) Importer(815301076,1909f56bfc062723c751e8b465ee728b)  -> (artifact id: '55381e101204efc6ac77ec9325e1d3e0') in 0.011425 seconds 
========================================================================
Received Import Request.
  Time since last request: 0.000872 seconds.
  path: Assets/Multiplayer/Photon/PhotonUnityNetworking/Demos/DemoAsteroids/Prefabs/PlayerListEntry.prefab
  artifactKey: Guid(d68bf8413681d9b4aa7328277e632e3f) Importer(815301076,1909f56bfc062723c751e8b465ee728b)
Start importing Assets/Multiplayer/Photon/PhotonUnityNetworking/Demos/DemoAsteroids/Prefabs/PlayerListEntry.prefab using Guid(d68bf8413681d9b4aa7328277e632e3f) Importer(815301076,1909f56bfc062723c751e8b465ee728b)  -> (artifact id: '1f6dcf6522b3dba9a7b4791d07b8c86c') in 0.016318 seconds 
========================================================================
Received Import Request.
  Time since last request: 0.000395 seconds.
  path: Assets/Multiplayer/Photon/PhotonUnityNetworking/Demos/PunBasics-Tutorial/Prefabs/Player UI.prefab
  artifactKey: Guid(e41946a981c3b444a84d15eb7c608ca4) Importer(815301076,1909f56bfc062723c751e8b465ee728b)
Start importing Assets/Multiplayer/Photon/PhotonUnityNetworking/Demos/PunBasics-Tutorial/Prefabs/Player UI.prefab using Guid(e41946a981c3b444a84d15eb7c608ca4) Importer(815301076,1909f56bfc062723c751e8b465ee728b)  -> (artifact id: '6c8af7ba85314f081d641fe7fee5d17e') in 0.014145 seconds 
========================================================================
Received Import Request.
  Time since last request: 0.000642 seconds.
  path: Assets/Multiplayer/Photon/PhotonUnityNetworking/Demos/DemoSlotRacer/Prefabs/SlotCar_B.prefab
  artifactKey: Guid(71e3000ee30414d368eeee6d87961b6d) Importer(815301076,1909f56bfc062723c751e8b465ee728b)
Start importing Assets/Multiplayer/Photon/PhotonUnityNetworking/Demos/DemoSlotRacer/Prefabs/SlotCar_B.prefab using Guid(71e3000ee30414d368eeee6d87961b6d) Importer(815301076,1909f56bfc062723c751e8b465ee728b)  -> (artifact id: 'a21aca9529b2a1bbfda6efa3702566de') in 0.034012 seconds 
========================================================================
Received Import Request.
  Time since last request: 0.000384 seconds.
  path: Assets/Multiplayer/Resources/Network_Prefabs/Player_2_Green.prefab
  artifactKey: Guid(365a2e099b580164fa738ef65ef334c2) Importer(815301076,1909f56bfc062723c751e8b465ee728b)
Start importing Assets/Multiplayer/Resources/Network_Prefabs/Player_2_Green.prefab using Guid(365a2e099b580164fa738ef65ef334c2) Importer(815301076,1909f56bfc062723c751e8b465ee728b)  -> (artifact id: '6666f3e80df2047a57222487f930b6f4') in 0.008764 seconds 
========================================================================
Received Import Request.
  Time since last request: 0.001246 seconds.
  path: Assets/Multiplayer/Photon/PhotonUnityNetworking/Demos/DemoSlotRacer/Prefabs/SlotCar_C.prefab
  artifactKey: Guid(1fd2963e35ed24ba89705127fca0fba1) Importer(815301076,1909f56bfc062723c751e8b465ee728b)
Start importing Assets/Multiplayer/Photon/PhotonUnityNetworking/Demos/DemoSlotRacer/Prefabs/SlotCar_C.prefab using Guid(1fd2963e35ed24ba89705127fca0fba1) Importer(815301076,1909f56bfc062723c751e8b465ee728b)  -> (artifact id: '17176a3f06ac19aa890c2fd0950839b7') in 0.032895 seconds 
========================================================================
Received Import Request.
  Time since last request: 0.000625 seconds.
  path: Assets/Multiplayer/Photon/PhotonUnityNetworking/Demos/Shared Assets/Prefabs/UI/Tooltip.prefab
  artifactKey: Guid(87d5aa043215a47cba8b74ae3490a936) Importer(815301076,1909f56bfc062723c751e8b465ee728b)
Start importing Assets/Multiplayer/Photon/PhotonUnityNetworking/Demos/Shared Assets/Prefabs/UI/Tooltip.prefab using Guid(87d5aa043215a47cba8b74ae3490a936) Importer(815301076,1909f56bfc062723c751e8b465ee728b)  -> (artifact id: '25c9b2a817813e6d5cb12edd687c301c') in 0.011318 seconds 
========================================================================
Received Import Request.
  Time since last request: 0.002068 seconds.
  path: Assets/Multiplayer/Resources/Network_Prefabs/Player_Base.prefab
  artifactKey: Guid(a13c600fa28b6ad408436f91271cb098) Importer(815301076,1909f56bfc062723c751e8b465ee728b)
Start importing Assets/Multiplayer/Resources/Network_Prefabs/Player_Base.prefab using Guid(a13c600fa28b6ad408436f91271cb098) Importer(815301076,1909f56bfc062723c751e8b465ee728b)  -> (artifact id: '2d31a22981acf8f12a7f5cf5baab9f67') in 0.010872 seconds 
========================================================================
Received Import Request.
  Time since last request: 0.000414 seconds.
  path: Assets/Multiplayer/Photon/PhotonUnityNetworking/Demos/DemoAsteroids/Prefabs/PlayerOverviewEntry.prefab
  artifactKey: Guid(f03d1c686a26a1d4da99a4186b0bb1ab) Importer(815301076,1909f56bfc062723c751e8b465ee728b)
Start importing Assets/Multiplayer/Photon/PhotonUnityNetworking/Demos/DemoAsteroids/Prefabs/PlayerOverviewEntry.prefab using Guid(f03d1c686a26a1d4da99a4186b0bb1ab) Importer(815301076,1909f56bfc062723c751e8b465ee728b)  -> (artifact id: '16a637af20fe52303d0e6baf16f28f60') in 0.014456 seconds 
========================================================================
Received Import Request.
  Time since last request: 0.000461 seconds.
  path: Assets/Multiplayer/Photon/PhotonUnityNetworking/Demos/PunCockpit/Prefabs/Tab Toggle.prefab
  artifactKey: Guid(192c18d73e55e466d89edd9bc2ab936d) Importer(815301076,1909f56bfc062723c751e8b465ee728b)
Start importing Assets/Multiplayer/Photon/PhotonUnityNetworking/Demos/PunCockpit/Prefabs/Tab Toggle.prefab using Guid(192c18d73e55e466d89edd9bc2ab936d) Importer(815301076,1909f56bfc062723c751e8b465ee728b)  -> (artifact id: 'c452423008d39b956027619e63f91810') in 0.026594 seconds 
========================================================================
Received Import Request.
  Time since last request: 0.000507 seconds.
  path: Assets/Multiplayer/Photon/PhotonUnityNetworking/Demos/PunCockpit/Prefabs/Help Button.prefab
  artifactKey: Guid(cf998ac0cf60141c597aecb3a8ffad74) Importer(815301076,1909f56bfc062723c751e8b465ee728b)
Start importing Assets/Multiplayer/Photon/PhotonUnityNetworking/Demos/PunCockpit/Prefabs/Help Button.prefab using Guid(cf998ac0cf60141c597aecb3a8ffad74) Importer(815301076,1909f56bfc062723c751e8b465ee728b)  -> (artifact id: '733f7e2993b69da9abedb7f54c4782ea') in 0.015155 seconds 
========================================================================
Received Import Request.
  Time since last request: 0.000509 seconds.
  path: Assets/Multiplayer/Photon/PhotonUnityNetworking/Demos/Shared Assets/Prefabs/UI/Toggle Regular.prefab
  artifactKey: Guid(82b2227f60269dd46b9a921faca9dc1f) Importer(815301076,1909f56bfc062723c751e8b465ee728b)
Start importing Assets/Multiplayer/Photon/PhotonUnityNetworking/Demos/Shared Assets/Prefabs/UI/Toggle Regular.prefab using Guid(82b2227f60269dd46b9a921faca9dc1f) Importer(815301076,1909f56bfc062723c751e8b465ee728b)  -> (artifact id: '9d601ffc38ece5d884fbddb01fd16fff') in 0.009459 seconds 
========================================================================
Received Import Request.
  Time since last request: 0.000878 seconds.
  path: Assets/Multiplayer/Photon/PhotonUnityNetworking/Demos/DemoAsteroids/Prefabs/Bullet.prefab
  artifactKey: Guid(5624ee9da9d10514ea7b808e83979c85) Importer(815301076,1909f56bfc062723c751e8b465ee728b)
Start importing Assets/Multiplayer/Photon/PhotonUnityNetworking/Demos/DemoAsteroids/Prefabs/Bullet.prefab using Guid(5624ee9da9d10514ea7b808e83979c85) Importer(815301076,1909f56bfc062723c751e8b465ee728b)  -> (artifact id: '6101812780d382cbda897dac304cb3c0') in 0.073124 seconds 
========================================================================
Received Import Request.
  Time since last request: 0.000414 seconds.
  path: Assets/Multiplayer/Resources/Network_Prefabs/Player_1_Red.prefab
  artifactKey: Guid(650996d2e78693b4299ee3f275690eb2) Importer(815301076,1909f56bfc062723c751e8b465ee728b)
Start importing Assets/Multiplayer/Resources/Network_Prefabs/Player_1_Red.prefab using Guid(650996d2e78693b4299ee3f275690eb2) Importer(815301076,1909f56bfc062723c751e8b465ee728b)  -> (artifact id: '5280e82d7ed891ba3cd9944eec64ab3a') in 0.011677 seconds 
========================================================================
Received Import Request.
  Time since last request: 0.000468 seconds.
  path: Assets/Multiplayer/Prefabs/GameManager.prefab
  artifactKey: Guid(f23758f6747557645bb55bb9fadbd419) Importer(815301076,1909f56bfc062723c751e8b465ee728b)
Start importing Assets/Multiplayer/Prefabs/GameManager.prefab using Guid(f23758f6747557645bb55bb9fadbd419) Importer(815301076,1909f56bfc062723c751e8b465ee728b)  -> (artifact id: 'c09ba32c25040d6d415fedbb95de27f2') in 0.015691 seconds 
========================================================================
Received Import Request.
  Time since last request: 0.000529 seconds.
  path: Assets/Multiplayer/Photon/PhotonUnityNetworking/Demos/DemoAsteroids/Resources/SmallAsteroid.prefab
  artifactKey: Guid(18a79aea49b60d342b7a672b7a34edbe) Importer(815301076,1909f56bfc062723c751e8b465ee728b)
Start importing Assets/Multiplayer/Photon/PhotonUnityNetworking/Demos/DemoAsteroids/Resources/SmallAsteroid.prefab using Guid(18a79aea49b60d342b7a672b7a34edbe) Importer(815301076,1909f56bfc062723c751e8b465ee728b)  -> (artifact id: '34b25fdde785c845b8647ae6c1331354') in 0.028534 seconds 
========================================================================
Received Import Request.
  Time since last request: 0.000374 seconds.
  path: Assets/Multiplayer/Photon/PhotonUnityNetworking/Demos/DemoAsteroids/Resources/Spaceship.prefab
  artifactKey: Guid(775dd0a15ad25a544b33ad40ef0da1f0) Importer(815301076,1909f56bfc062723c751e8b465ee728b)
Start importing Assets/Multiplayer/Photon/PhotonUnityNetworking/Demos/DemoAsteroids/Resources/Spaceship.prefab using Guid(775dd0a15ad25a544b33ad40ef0da1f0) Importer(815301076,1909f56bfc062723c751e8b465ee728b)  -> (artifact id: '80de77d101bd5e58117d7f8f9b2d2c5f') in 0.243299 seconds 
========================================================================
Received Import Request.
  Time since last request: 0.000562 seconds.
  path: Assets/Multiplayer/Photon/PhotonUnityNetworking/Demos/DemoSlotRacer/Prefabs/SlotCar_D.prefab
  artifactKey: Guid(9db296b8bb78143c1a5f7fa8f611967e) Importer(815301076,1909f56bfc062723c751e8b465ee728b)
Start importing Assets/Multiplayer/Photon/PhotonUnityNetworking/Demos/DemoSlotRacer/Prefabs/SlotCar_D.prefab using Guid(9db296b8bb78143c1a5f7fa8f611967e) Importer(815301076,1909f56bfc062723c751e8b465ee728b)  -> (artifact id: '62506a98268bf285c18b70185c0895b8') in 0.038101 seconds 
========================================================================
Received Import Request.
  Time since last request: 8.728559 seconds.
  path: Assets/Prefabs/Bullet.prefab
  artifactKey: Guid(6badeeef00e4edc4a912a0825f70d11d) Importer(815301076,1909f56bfc062723c751e8b465ee728b)
Start importing Assets/Prefabs/Bullet.prefab using Guid(6badeeef00e4edc4a912a0825f70d11d) Importer(815301076,1909f56bfc062723c751e8b465ee728b)  -> (artifact id: '2fe0002dac4a268b4326f1a3d41cd2e4') in 0.025516 seconds 
========================================================================
Received Import Request.
  Time since last request: 26.841001 seconds.
  path: Assets/Prefabs/Tank.prefab
  artifactKey: Guid(14dafd119b0a9d843894bb115cc89c20) Importer(815301076,1909f56bfc062723c751e8b465ee728b)
Start importing Assets/Prefabs/Tank.prefab using Guid(14dafd119b0a9d843894bb115cc89c20) Importer(815301076,1909f56bfc062723c751e8b465ee728b)  -> (artifact id: '730596f8f6b99940bb5b2e01013545fe') in 0.045754 seconds 
========================================================================
Received Prepare
Registering precompiled user dll's ...
Registered in 0.025832 seconds.
Begin MonoManager ReloadAssembly
Symbol file LoadedFromMemory doesn't match image D:\Nickso\UEA\TCC\Jogo\UltimateTanks\The Ultimate Tanks\Library\PackageCache\com.unity.visualscripting@1.6.1\Editor\VisualScripting.Core\Dependencies\YamlDotNet\Unity.VisualScripting.YamlDotNet.dll
Symbol file LoadedFromMemory doesn't match image D:\Nickso\UEA\TCC\Jogo\UltimateTanks\The Ultimate Tanks\Library\PackageCache\com.unity.visualscripting@1.6.1\Editor\VisualScripting.Core\Dependencies\DotNetZip\Unity.VisualScripting.IonicZip.dll
Native extension for WindowsStandalone target not found
Refreshing native plugins compatible for Editor in 1.32 ms, found 4 plugins.
Preloading 0 native plugins for Editor in 0.00 ms.
Mono: successfully reloaded assembly
- Completed reload, in  1.946 seconds
Domain Reload Profiling:
	ReloadAssembly (1947ms)
		BeginReloadAssembly (265ms)
			ExecutionOrderSort (0ms)
			DisableScriptedObjects (10ms)
			BackupInstance (0ms)
			ReleaseScriptingObjects (0ms)
			CreateAndSetChildDomain (69ms)
		EndReloadAssembly (1563ms)
			LoadAssemblies (251ms)
			RebuildTransferFunctionScriptingTraits (0ms)
			SetupTypeCache (581ms)
			ReleaseScriptCaches (2ms)
			RebuildScriptCaches (75ms)
			SetupLoadedEditorAssemblies (544ms)
				LogAssemblyErrors (0ms)
				InitializePlatformSupportModulesInManaged (8ms)
				SetLoadedEditorAssemblies (1ms)
				RefreshPlugins (1ms)
				BeforeProcessingInitializeOnLoad (115ms)
				ProcessInitializeOnLoadAttributes (373ms)
				ProcessInitializeOnLoadMethodAttributes (18ms)
				AfterProcessingInitializeOnLoad (28ms)
				EditorAssembliesLoaded (0ms)
			ExecutionOrderSort2 (0ms)
			AwakeInstancesAfterBackupRestoration (23ms)
Platform modules already initialized, skipping
Refreshing native plugins compatible for Editor in 1.28 ms, found 4 plugins.
Preloading 0 native plugins for Editor in 0.00 ms.
Unloading 3908 Unused Serialized files (Serialized files now loaded: 0)
System memory in use before: 155.6 MB.
System memory in use after: 155.9 MB.

Unloading 28 unused Assets to reduce memory usage. Loaded Objects now: 4528.
Total: 5.712900 ms (FindLiveObjects: 0.427100 ms CreateObjectMapping: 0.333600 ms MarkObjects: 4.872200 ms  DeleteObjects: 0.078300 ms)

AssetImportParameters requested are different than current active one (requested -> active):
  custom:framework-win-MediaFoundation: 216162199b28c13a410421893ffa2e32 -> 
  custom:video-decoder-ogg-theora: a1e56fd34408186e4bbccfd4996cb3dc -> 
  custom:container-muxer-webm: aa71ff27fc2769a1b78a27578f13a17b -> 
  custom:container-demuxer-webm: 4f35f7cbe854078d1ac9338744f61a02 -> 
  custom:container-demuxer-ogg: 62fdf1f143b41e24485cea50d1cbac27 -> 
  custom:video-encoder-webm-vp8: eb34c28f22e8b96e1ab97ce403110664 -> 
  custom:video-decoder-webm-vp8: 9c59270c3fd7afecdb556c50c9e8de78 -> 
  custom:audio-decoder-ogg-vorbis: bf7c407c2cedff20999df2af8eb42d56 -> 
  custom:audio-encoder-webm-vorbis: bf7c407c2cedff20999df2af8eb42d56 -> 
========================================================================
Received Import Request.
  Time since last request: 342.808556 seconds.
  path: Assets/Decor_Items/Border_A.png
  artifactKey: Guid(29f22c8317fed544b8cca6b660ab5efe) Importer(815301076,1909f56bfc062723c751e8b465ee728b)
Start importing Assets/Decor_Items/Border_A.png using Guid(29f22c8317fed544b8cca6b660ab5efe) Importer(815301076,1909f56bfc062723c751e8b465ee728b)  -> (artifact id: '7d70f3b2bae74a240d6f05cc5ee1fd06') in 0.076099 seconds 
========================================================================
Received Prepare
Registering precompiled user dll's ...
Registered in 0.016659 seconds.
Begin MonoManager ReloadAssembly
Symbol file LoadedFromMemory doesn't match image D:\Nickso\UEA\TCC\Jogo\UltimateTanks\The Ultimate Tanks\Library\PackageCache\com.unity.visualscripting@1.6.1\Editor\VisualScripting.Core\Dependencies\YamlDotNet\Unity.VisualScripting.YamlDotNet.dll
Symbol file LoadedFromMemory doesn't match image D:\Nickso\UEA\TCC\Jogo\UltimateTanks\The Ultimate Tanks\Library\PackageCache\com.unity.visualscripting@1.6.1\Editor\VisualScripting.Core\Dependencies\DotNetZip\Unity.VisualScripting.IonicZip.dll
Native extension for WindowsStandalone target not found
Refreshing native plugins compatible for Editor in 1.09 ms, found 4 plugins.
Preloading 0 native plugins for Editor in 0.00 ms.
Mono: successfully reloaded assembly
- Completed reload, in  2.107 seconds
Domain Reload Profiling:
	ReloadAssembly (2108ms)
		BeginReloadAssembly (301ms)
			ExecutionOrderSort (0ms)
			DisableScriptedObjects (16ms)
			BackupInstance (0ms)
			ReleaseScriptingObjects (0ms)
			CreateAndSetChildDomain (74ms)
		EndReloadAssembly (1643ms)
			LoadAssemblies (354ms)
			RebuildTransferFunctionScriptingTraits (0ms)
			SetupTypeCache (594ms)
			ReleaseScriptCaches (2ms)
			RebuildScriptCaches (72ms)
			SetupLoadedEditorAssemblies (516ms)
				LogAssemblyErrors (0ms)
				InitializePlatformSupportModulesInManaged (8ms)
				SetLoadedEditorAssemblies (1ms)
				RefreshPlugins (1ms)
				BeforeProcessingInitializeOnLoad (121ms)
				ProcessInitializeOnLoadAttributes (339ms)
				ProcessInitializeOnLoadMethodAttributes (17ms)
				AfterProcessingInitializeOnLoad (28ms)
				EditorAssembliesLoaded (0ms)
			ExecutionOrderSort2 (0ms)
			AwakeInstancesAfterBackupRestoration (24ms)
Platform modules already initialized, skipping
Refreshing native plugins compatible for Editor in 1.17 ms, found 4 plugins.
Preloading 0 native plugins for Editor in 0.00 ms.
Unloading 3903 Unused Serialized files (Serialized files now loaded: 0)
System memory in use before: 156.1 MB.
System memory in use after: 156.4 MB.

Unloading 23 unused Assets to reduce memory usage. Loaded Objects now: 4548.
Total: 5.978100 ms (FindLiveObjects: 0.431600 ms CreateObjectMapping: 0.353700 ms MarkObjects: 5.150100 ms  DeleteObjects: 0.038000 ms)

AssetImportParameters requested are different than current active one (requested -> active):
  custom:framework-win-MediaFoundation: 216162199b28c13a410421893ffa2e32 -> 
  custom:video-decoder-ogg-theora: a1e56fd34408186e4bbccfd4996cb3dc -> 
  custom:container-muxer-webm: aa71ff27fc2769a1b78a27578f13a17b -> 
  custom:container-demuxer-webm: 4f35f7cbe854078d1ac9338744f61a02 -> 
  custom:container-demuxer-ogg: 62fdf1f143b41e24485cea50d1cbac27 -> 
  custom:video-encoder-webm-vp8: eb34c28f22e8b96e1ab97ce403110664 -> 
  custom:video-decoder-webm-vp8: 9c59270c3fd7afecdb556c50c9e8de78 -> 
  custom:audio-decoder-ogg-vorbis: bf7c407c2cedff20999df2af8eb42d56 -> 
  custom:audio-encoder-webm-vorbis: bf7c407c2cedff20999df2af8eb42d56 -> 
========================================================================
Received Import Request.
  Time since last request: 1221.659877 seconds.
  path: Assets/Decor_Items/Materials
  artifactKey: Guid(ed41913f0975ca84d9444259a28da399) Importer(815301076,1909f56bfc062723c751e8b465ee728b)
Start importing Assets/Decor_Items/Materials using Guid(ed41913f0975ca84d9444259a28da399) Importer(815301076,1909f56bfc062723c751e8b465ee728b)  -> (artifact id: 'e005711aeb49b6a0d56379b0ca9f3f20') in 0.011756 seconds 
========================================================================
Received Import Request.
  Time since last request: 0.590179 seconds.
  path: Assets/Decor_Items/Materials/Border_A.mat
  artifactKey: Guid(f3741adcce3f9cc4380620f331603495) Importer(815301076,1909f56bfc062723c751e8b465ee728b)
Start importing Assets/Decor_Items/Materials/Border_A.mat using Guid(f3741adcce3f9cc4380620f331603495) Importer(815301076,1909f56bfc062723c751e8b465ee728b)  -> (artifact id: '753abb7eb4852ad887195cb66af6e6f2') in 0.105111 seconds 
========================================================================
Received Prepare
Registering precompiled user dll's ...
Registered in 0.018000 seconds.
Begin MonoManager ReloadAssembly
Symbol file LoadedFromMemory doesn't match image D:\Nickso\UEA\TCC\Jogo\UltimateTanks\The Ultimate Tanks\Library\PackageCache\com.unity.visualscripting@1.6.1\Editor\VisualScripting.Core\Dependencies\YamlDotNet\Unity.VisualScripting.YamlDotNet.dll
Symbol file LoadedFromMemory doesn't match image D:\Nickso\UEA\TCC\Jogo\UltimateTanks\The Ultimate Tanks\Library\PackageCache\com.unity.visualscripting@1.6.1\Editor\VisualScripting.Core\Dependencies\DotNetZip\Unity.VisualScripting.IonicZip.dll
Native extension for WindowsStandalone target not found
Refreshing native plugins compatible for Editor in 1.02 ms, found 4 plugins.
Preloading 0 native plugins for Editor in 0.00 ms.
Mono: successfully reloaded assembly
- Completed reload, in  1.920 seconds
Domain Reload Profiling:
	ReloadAssembly (1920ms)
		BeginReloadAssembly (250ms)
			ExecutionOrderSort (0ms)
			DisableScriptedObjects (12ms)
			BackupInstance (0ms)
			ReleaseScriptingObjects (0ms)
			CreateAndSetChildDomain (63ms)
		EndReloadAssembly (1559ms)
			LoadAssemblies (241ms)
			RebuildTransferFunctionScriptingTraits (0ms)
			SetupTypeCache (672ms)
			ReleaseScriptCaches (2ms)
			RebuildScriptCaches (70ms)
			SetupLoadedEditorAssemblies (484ms)
				LogAssemblyErrors (0ms)
				InitializePlatformSupportModulesInManaged (7ms)
				SetLoadedEditorAssemblies (1ms)
				RefreshPlugins (1ms)
				BeforeProcessingInitializeOnLoad (94ms)
				ProcessInitializeOnLoadAttributes (340ms)
				ProcessInitializeOnLoadMethodAttributes (15ms)
				AfterProcessingInitializeOnLoad (26ms)
				EditorAssembliesLoaded (0ms)
			ExecutionOrderSort2 (0ms)
			AwakeInstancesAfterBackupRestoration (23ms)
Platform modules already initialized, skipping
Refreshing native plugins compatible for Editor in 1.13 ms, found 4 plugins.
Preloading 0 native plugins for Editor in 0.00 ms.
Unloading 3902 Unused Serialized files (Serialized files now loaded: 0)
System memory in use before: 156.3 MB.
System memory in use after: 156.6 MB.

Unloading 23 unused Assets to reduce memory usage. Loaded Objects now: 4586.
Total: 5.926500 ms (FindLiveObjects: 0.412400 ms CreateObjectMapping: 0.260600 ms MarkObjects: 5.220500 ms  DeleteObjects: 0.031200 ms)

AssetImportParameters requested are different than current active one (requested -> active):
  custom:framework-win-MediaFoundation: 216162199b28c13a410421893ffa2e32 -> 
  custom:video-decoder-ogg-theora: a1e56fd34408186e4bbccfd4996cb3dc -> 
  custom:container-muxer-webm: aa71ff27fc2769a1b78a27578f13a17b -> 
  custom:container-demuxer-webm: 4f35f7cbe854078d1ac9338744f61a02 -> 
  custom:container-demuxer-ogg: 62fdf1f143b41e24485cea50d1cbac27 -> 
  custom:video-encoder-webm-vp8: eb34c28f22e8b96e1ab97ce403110664 -> 
  custom:video-decoder-webm-vp8: 9c59270c3fd7afecdb556c50c9e8de78 -> 
  custom:audio-decoder-ogg-vorbis: bf7c407c2cedff20999df2af8eb42d56 -> 
  custom:audio-encoder-webm-vorbis: bf7c407c2cedff20999df2af8eb42d56 -> 
========================================================================
Received Import Request.
  Time since last request: 324.646058 seconds.
  path: Assets/Tiles/Border_A.asset
  artifactKey: Guid(b0ff6e1d14a9697409e79cf17147d6f9) Importer(815301076,1909f56bfc062723c751e8b465ee728b)
Start importing Assets/Tiles/Border_A.asset using Guid(b0ff6e1d14a9697409e79cf17147d6f9) Importer(815301076,1909f56bfc062723c751e8b465ee728b)  -> (artifact id: '5ca2f9879ba3de9ac309380983ee4236') in 0.056862 seconds 
========================================================================
Received Import Request.
  Time since last request: 0.000385 seconds.
  path: Assets/Tiles/Border_B.asset
  artifactKey: Guid(1b3dcc9d479cdd44ea7eb574223583aa) Importer(815301076,1909f56bfc062723c751e8b465ee728b)
Start importing Assets/Tiles/Border_B.asset using Guid(1b3dcc9d479cdd44ea7eb574223583aa) Importer(815301076,1909f56bfc062723c751e8b465ee728b)  -> (artifact id: 'cbe4aa9e4c0c35f1ac61c796d3db6523') in 0.018646 seconds 
========================================================================
Received Import Request.
  Time since last request: 0.000489 seconds.
  path: Assets/Tiles/Border_C.asset
  artifactKey: Guid(bbab24c5e11aa724f94841a93c66b9f6) Importer(815301076,1909f56bfc062723c751e8b465ee728b)
Start importing Assets/Tiles/Border_C.asset using Guid(bbab24c5e11aa724f94841a93c66b9f6) Importer(815301076,1909f56bfc062723c751e8b465ee728b)  -> (artifact id: 'd8a1abe72359b4fd011cc04c6fb958d3') in 0.018434 seconds 
========================================================================
Received Import Request.
  Time since last request: 92.717414 seconds.
  path: Assets/Scripts/Bullet.cs
  artifactKey: Guid(0de0015206db7504e872ab77958e1694) Importer(815301076,1909f56bfc062723c751e8b465ee728b)
Start importing Assets/Scripts/Bullet.cs using Guid(0de0015206db7504e872ab77958e1694) Importer(815301076,1909f56bfc062723c751e8b465ee728b)  -> (artifact id: 'd3264d87e6c6644d4c711acd64ebc1e6') in 0.017936 seconds 
========================================================================
Received Import Request.
  Time since last request: 31.995502 seconds.
  path: Assets/Scripts/Turret.cs
  artifactKey: Guid(2d0974cbc38f4b148aa5ca91a0c42262) Importer(815301076,1909f56bfc062723c751e8b465ee728b)
Start importing Assets/Scripts/Turret.cs using Guid(2d0974cbc38f4b148aa5ca91a0c42262) Importer(815301076,1909f56bfc062723c751e8b465ee728b)  -> (artifact id: 'f361af54a101c527af854ee4f7ba3fc0') in 0.024334 seconds 
========================================================================
Received Import Request.
  Time since last request: 82.323411 seconds.
  path: Assets/Prefabs/Bullet.prefab
  artifactKey: Guid(6badeeef00e4edc4a912a0825f70d11d) Importer(815301076,1909f56bfc062723c751e8b465ee728b)
Start importing Assets/Prefabs/Bullet.prefab using Guid(6badeeef00e4edc4a912a0825f70d11d) Importer(815301076,1909f56bfc062723c751e8b465ee728b)  -> (artifact id: 'adfad7ea6dffb1480085647bc7fd8b63') in 0.070389 seconds 
========================================================================
Received Prepare
Registering precompiled user dll's ...
Registered in 0.016954 seconds.
Begin MonoManager ReloadAssembly
Symbol file LoadedFromMemory doesn't match image D:\Nickso\UEA\TCC\Jogo\UltimateTanks\The Ultimate Tanks\Library\PackageCache\com.unity.visualscripting@1.6.1\Editor\VisualScripting.Core\Dependencies\YamlDotNet\Unity.VisualScripting.YamlDotNet.dll
Symbol file LoadedFromMemory doesn't match image D:\Nickso\UEA\TCC\Jogo\UltimateTanks\The Ultimate Tanks\Library\PackageCache\com.unity.visualscripting@1.6.1\Editor\VisualScripting.Core\Dependencies\DotNetZip\Unity.VisualScripting.IonicZip.dll
Native extension for WindowsStandalone target not found
Refreshing native plugins compatible for Editor in 1.05 ms, found 4 plugins.
Preloading 0 native plugins for Editor in 0.00 ms.
Mono: successfully reloaded assembly
- Completed reload, in  1.828 seconds
Domain Reload Profiling:
	ReloadAssembly (1828ms)
		BeginReloadAssembly (275ms)
			ExecutionOrderSort (0ms)
			DisableScriptedObjects (16ms)
			BackupInstance (0ms)
			ReleaseScriptingObjects (0ms)
			CreateAndSetChildDomain (71ms)
		EndReloadAssembly (1438ms)
			LoadAssemblies (245ms)
			RebuildTransferFunctionScriptingTraits (0ms)
			SetupTypeCache (539ms)
			ReleaseScriptCaches (2ms)
			RebuildScriptCaches (70ms)
			SetupLoadedEditorAssemblies (481ms)
				LogAssemblyErrors (0ms)
				InitializePlatformSupportModulesInManaged (8ms)
				SetLoadedEditorAssemblies (1ms)
				RefreshPlugins (1ms)
				BeforeProcessingInitializeOnLoad (110ms)
				ProcessInitializeOnLoadAttributes (318ms)
				ProcessInitializeOnLoadMethodAttributes (15ms)
				AfterProcessingInitializeOnLoad (27ms)
				EditorAssembliesLoaded (0ms)
			ExecutionOrderSort2 (0ms)
			AwakeInstancesAfterBackupRestoration (25ms)
Platform modules already initialized, skipping
Refreshing native plugins compatible for Editor in 1.07 ms, found 4 plugins.
Preloading 0 native plugins for Editor in 0.00 ms.
Unloading 3902 Unused Serialized files (Serialized files now loaded: 0)
System memory in use before: 156.4 MB.
System memory in use after: 156.6 MB.

Unloading 23 unused Assets to reduce memory usage. Loaded Objects now: 4593.
Total: 5.161200 ms (FindLiveObjects: 0.488300 ms CreateObjectMapping: 0.359600 ms MarkObjects: 4.278400 ms  DeleteObjects: 0.033300 ms)

AssetImportParameters requested are different than current active one (requested -> active):
  custom:framework-win-MediaFoundation: 216162199b28c13a410421893ffa2e32 -> 
  custom:video-decoder-ogg-theora: a1e56fd34408186e4bbccfd4996cb3dc -> 
  custom:container-muxer-webm: aa71ff27fc2769a1b78a27578f13a17b -> 
  custom:container-demuxer-webm: 4f35f7cbe854078d1ac9338744f61a02 -> 
  custom:container-demuxer-ogg: 62fdf1f143b41e24485cea50d1cbac27 -> 
  custom:video-encoder-webm-vp8: eb34c28f22e8b96e1ab97ce403110664 -> 
  custom:video-decoder-webm-vp8: 9c59270c3fd7afecdb556c50c9e8de78 -> 
  custom:audio-decoder-ogg-vorbis: bf7c407c2cedff20999df2af8eb42d56 -> 
  custom:audio-encoder-webm-vorbis: bf7c407c2cedff20999df2af8eb42d56 -> 
AssetImportWorkerClient::OnTransportError - code=2 error=End of file
